
7/4/26, 2:07:37 PM - ERROR: Download of “http://www.bph.com.tw” failed with error code 403 (forbidden)

---------------------

7/4/26, 2:08:07 PM - ERROR: Download of “https://lirp.cdn-website.com/”, referred from “/Users/jamespan/Downloads/SiteSucker/www.bph.com.tw/index.html”, failed with error code 404 (not found)
7/4/26, 2:08:08 PM - ERROR: Download of “https://irt-cdn.multiscreensite.com/ce0bb35f932b47bb809d0e37905542ba/dms3rep/multi/site_background_education-2087x1173.jpg”, referred from “/Users/jamespan/Downloads/SiteSucker/www.bph.com.tw/index.html”, failed with error code 403 (forbidden)
7/4/26, 2:08:08 PM - ERROR: Download of “https://lirp.cdn-website.com/”, referred from “/Users/jamespan/Downloads/SiteSucker/www.bph.com.tw/設施服務_西門店.html”, failed with error code 404 (not found)
7/4/26, 2:08:08 PM - ERROR: Download of “https://lirp.cdn-website.com/”, referred from “/Users/jamespan/Downloads/SiteSucker/www.bph.com.tw/交通位置_西門店.html”, failed with error code 404 (not found)
7/4/26, 2:08:08 PM - ERROR: Download of “https://lirp.cdn-website.com/”, referred from “/Users/jamespan/Downloads/SiteSucker/www.bph.com.tw/西門店.html”, failed with error code 404 (not found)
7/4/26, 2:08:09 PM - ERROR: Download of “https://lirp.cdn-website.com/”, referred from “/Users/jamespan/Downloads/SiteSucker/www.bph.com.tw/聯絡我們_西門店.html”, failed with error code 404 (not found)
7/4/26, 2:08:09 PM - ERROR: Download of “https://lirp.cdn-website.com/”, referred from “/Users/jamespan/Downloads/SiteSucker/www.bph.com.tw/最新消息_西門店.html”, failed with error code 404 (not found)
7/4/26, 2:08:09 PM - ERROR: Download of “https://lirp.cdn-website.com/”, referred from “/Users/jamespan/Downloads/SiteSucker/www.bph.com.tw/長春店.html”, failed with error code 404 (not found)
7/4/26, 2:08:09 PM - ERROR: Download of “https://lirp.cdn-website.com/”, referred from “/Users/jamespan/Downloads/SiteSucker/www.bph.com.tw/最新消息_長春店.html”, failed with error code 404 (not found)
7/4/26, 2:08:09 PM - ERROR: Download of “https://lirp.cdn-website.com/”, referred from “/Users/jamespan/Downloads/SiteSucker/www.bph.com.tw/設施服務_長春店.html”, failed with error code 404 (not found)
7/4/26, 2:08:09 PM - ERROR: Download of “https://lirp.cdn-website.com/”, referred from “/Users/jamespan/Downloads/SiteSucker/www.bph.com.tw/交通位置_長春店.html”, failed with error code 404 (not found)
7/4/26, 2:08:09 PM - ERROR: Download of “https://lirp.cdn-website.com/”, referred from “/Users/jamespan/Downloads/SiteSucker/www.bph.com.tw/客房介紹_西門店.html”, failed with error code 404 (not found)
7/4/26, 2:08:10 PM - ERROR: Download of “https://lirp.cdn-website.com/”, referred from “/Users/jamespan/Downloads/SiteSucker/www.bph.com.tw/客房介紹_長春店.html”, failed with error code 404 (not found)
7/4/26, 2:08:10 PM - ERROR: Download of “https://lirp.cdn-website.com/”, referred from “/Users/jamespan/Downloads/SiteSucker/www.bph.com.tw/聯絡我們_長春店.html”, failed with error code 404 (not found)
7/4/26, 2:08:10 PM - ERROR: Download of “https://lirp.cdn-website.com/”, referred from “/Users/jamespan/Downloads/SiteSucker/www.bph.com.tw/在地景點.html”, failed with error code 404 (not found)
7/4/26, 2:08:11 PM - ERROR: Download of “https://lirp.cdn-website.com/”, referred from “/Users/jamespan/Downloads/SiteSucker/www.bph.com.tw/my-postf4e9fce4.html”, failed with error code 404 (not found)
7/4/26, 2:08:11 PM - ERROR: Download of “https://lirp.cdn-website.com/”, referred from “/Users/jamespan/Downloads/SiteSucker/www.bph.com.tw/my-post6f0d85f8.html”, failed with error code 404 (not found)
7/4/26, 2:08:11 PM - ERROR: Download of “https://lirp.cdn-website.com/”, referred from “/Users/jamespan/Downloads/SiteSucker/www.bph.com.tw/20240101.html”, failed with error code 404 (not found)
7/4/26, 2:08:11 PM - ERROR: Download of “https://lirp.cdn-website.com/”, referred from “/Users/jamespan/Downloads/SiteSucker/www.bph.com.tw/20240102.html”, failed with error code 404 (not found)
7/4/26, 2:08:11 PM - ERROR: Download of “https://lirp.cdn-website.com/”, referred from “/Users/jamespan/Downloads/SiteSucker/www.bph.com.tw/20240103.html”, failed with error code 404 (not found)
7/4/26, 2:08:14 PM - ERROR: Download of “https://lirp.cdn-website.com/”, referred from “/Users/jamespan/Downloads/SiteSucker/www.bph.com.tw/privacyG-9FSHBFBV0R.html”, failed with error code 404 (not found)
7/4/26, 2:09:54 PM - ERROR: Download of “https://irt-cdn.multiscreensite.com/ce0bb35f932b47bb809d0e37905542ba/dms3rep/multi/site_background_education-2087x1173.jpg”, referred from “/Users/jamespan/Downloads/SiteSucker/irp.cdn-website.com/0237265e/files/0237265e_withFlex_1.min﹖v=299.css”, failed with error code 403 (forbidden)
7/4/26, 2:09:56 PM - ERROR: Download of “https://irt-cdn.multiscreensite.com/ce0bb35f932b47bb809d0e37905542ba/dms3rep/multi/site_background_education-2087x1173.jpg”, referred from “/Users/jamespan/Downloads/SiteSucker/irp.cdn-website.com/0237265e/files/0237265e_1.min﹖v=299.css”, failed with error code 403 (forbidden)
7/4/26, 2:10:12 PM - ERROR: Download of “https://lirp.cdn-website.com/0237265e/dms3rep/multi/opt/pexels-photo-8638764-44561221-2880w.jpeg”, referred from “/Users/jamespan/Downloads/SiteSucker/www.bph.com.tw/長春店.html”, failed with error code 404 (not found)
7/4/26, 2:10:12 PM - ERROR: Download of “https://lirp.cdn-website.com/0237265e/dms3rep/multi/opt/pexels-photo-8638764-44561221-2880w.jpeg”, referred from “/Users/jamespan/Downloads/SiteSucker/www.bph.com.tw/西門店.html”, failed with error code 404 (not found)
7/4/26, 2:10:20 PM - ERROR: Download of “https://www.bph.com.tw/suite”, referred from “/Users/jamespan/Downloads/SiteSucker/www.bph.com.tw/長春店.html”, failed with error code 404 (not found)
7/4/26, 2:10:20 PM - ERROR: Download of “https://www.bph.com.tw/suite”, referred from “/Users/jamespan/Downloads/SiteSucker/www.bph.com.tw/西門店.html”, failed with error code 404 (not found)
7/4/26, 2:10:24 PM - ERROR: Download of “https://lirp.cdn-website.com/”, referred from “/Users/jamespan/Downloads/SiteSucker/www.bph.com.tw/my-postbf07af70.html”, failed with error code 404 (not found)
7/4/26, 2:10:53 PM - ERROR: Download of “https://static.cdn-website.com/fonts/dm-social-font.svg?mxo7pn”, referred from “/Users/jamespan/Downloads/SiteSucker/static.cdn-website.com/mnlt/production/6583/_dm/s/rt/dist/css/d-css-runtime-desktop-one-package-structured-global.min.css”, failed with error code 403 (forbidden)
7/4/26, 2:10:53 PM - ERROR: Download of “https://static.cdn-website.com/fonts/dm-social-font.svg?mxo7pn”, referred from “/Users/jamespan/Downloads/SiteSucker/static.cdn-website.com/mnlt/production/6578/_dm/s/rt/dist/css/d-css-runtime-desktop-one-package-structured-global.min.css”, failed with error code 403 (forbidden)
7/4/26, 2:10:53 PM - ERROR: Download of “https://static.cdn-website.com/fonts/dm-social-font.svg?mxo7pn”, referred from “/Users/jamespan/Downloads/SiteSucker/static.cdn-website.com/mnlt/production/6580/_dm/s/rt/dist/css/d-css-runtime-desktop-one-package-structured-global.min.css”, failed with error code 403 (forbidden)
7/4/26, 2:10:53 PM - ERROR: Download of “https://static.cdn-website.com/fonts/dm-social-font.svg?mxo7pn”, referred from “/Users/jamespan/Downloads/SiteSucker/static.cdn-website.com/mnlt/production/6573/_dm/s/rt/dist/css/d-css-runtime-desktop-one-package-structured-global.min.css”, failed with error code 403 (forbidden)
7/4/26, 2:10:53 PM - ERROR: Download of “https://static.cdn-website.com/fonts/dm-social-font.svg?mxo7pn”, referred from “/Users/jamespan/Downloads/SiteSucker/static.cdn-website.com/mnlt/production/6574/_dm/s/rt/dist/css/d-css-runtime-desktop-one-package-structured-global.min.css”, failed with error code 403 (forbidden)
7/4/26, 2:10:53 PM - ERROR: Download of “https://static.cdn-website.com/fonts/dm-social-font.svg?mxo7pn”, referred from “/Users/jamespan/Downloads/SiteSucker/static.cdn-website.com/mnlt/production/6577/_dm/s/rt/dist/css/d-css-runtime-desktop-one-package-structured-global.min.css”, failed with error code 403 (forbidden)
7/4/26, 2:10:53 PM - ERROR: Download of “https://static.cdn-website.com/fonts/dm-social-font.svg?mxo7pn”, referred from “/Users/jamespan/Downloads/SiteSucker/static.cdn-website.com/mnlt/production/6579/_dm/s/rt/dist/css/d-css-runtime-desktop-one-package-structured-global.min.css”, failed with error code 403 (forbidden)
7/4/26, 2:10:53 PM - ERROR: Download of “https://static.cdn-website.com/fonts/dm-font.svg?v=12”, referred from “/Users/jamespan/Downloads/SiteSucker/static.cdn-website.com/mnlt/production/6583/_dm/s/rt/dist/css/d-css-runtime-desktop-one-package-structured-global.min.css”, failed with error code 403 (forbidden)
7/4/26, 2:10:53 PM - ERROR: Download of “https://static.cdn-website.com/fonts/dm-font.svg?v=12”, referred from “/Users/jamespan/Downloads/SiteSucker/static.cdn-website.com/mnlt/production/6578/_dm/s/rt/dist/css/d-css-runtime-desktop-one-package-structured-global.min.css”, failed with error code 403 (forbidden)
7/4/26, 2:10:53 PM - ERROR: Download of “https://static.cdn-website.com/fonts/dm-font.svg?v=12”, referred from “/Users/jamespan/Downloads/SiteSucker/static.cdn-website.com/mnlt/production/6580/_dm/s/rt/dist/css/d-css-runtime-desktop-one-package-structured-global.min.css”, failed with error code 403 (forbidden)
7/4/26, 2:10:53 PM - ERROR: Download of “https://static.cdn-website.com/fonts/dm-font.svg?v=12”, referred from “/Users/jamespan/Downloads/SiteSucker/static.cdn-website.com/mnlt/production/6573/_dm/s/rt/dist/css/d-css-runtime-desktop-one-package-structured-global.min.css”, failed with error code 403 (forbidden)
7/4/26, 2:10:53 PM - ERROR: Download of “https://static.cdn-website.com/fonts/dm-font.svg?v=12”, referred from “/Users/jamespan/Downloads/SiteSucker/static.cdn-website.com/mnlt/production/6574/_dm/s/rt/dist/css/d-css-runtime-desktop-one-package-structured-global.min.css”, failed with error code 403 (forbidden)
7/4/26, 2:10:53 PM - ERROR: Download of “https://static.cdn-website.com/fonts/dm-font.svg?v=12”, referred from “/Users/jamespan/Downloads/SiteSucker/static.cdn-website.com/mnlt/production/6577/_dm/s/rt/dist/css/d-css-runtime-desktop-one-package-structured-global.min.css”, failed with error code 403 (forbidden)
7/4/26, 2:10:53 PM - ERROR: Download of “https://static.cdn-website.com/fonts/dm-font.svg?v=12”, referred from “/Users/jamespan/Downloads/SiteSucker/static.cdn-website.com/mnlt/production/6579/_dm/s/rt/dist/css/d-css-runtime-desktop-one-package-structured-global.min.css”, failed with error code 403 (forbidden)
7/4/26, 2:10:57 PM - ERROR: Download of “https://lirp.cdn-website.com/0237265e/dms3rep/multi/opt/pexels-photo-8638764-44561221-1920w.jpeg”, referred from “/Users/jamespan/Downloads/SiteSucker/irp.cdn-website.com/0237265e/files/0237265e_home_withFlex_1.min﹖v=299.css”, failed with error code 404 (not found)
7/4/26, 2:10:58 PM - ERROR: Download of “https://irp.cdn-website.com/editor/nee/images/common/2ColumnsArrows.png”, referred from “/Users/jamespan/Downloads/SiteSucker/irp.cdn-website.com/WIDGET_CSS/78a2e670e7338e2f44909bad27e96e59.css”, failed with error code 403 (forbidden)
7/4/26, 2:10:58 PM - ERROR: Download of “https://irp.cdn-website.com/editor/nee/images/common/bluePic.png”, referred from “/Users/jamespan/Downloads/SiteSucker/irp.cdn-website.com/WIDGET_CSS/78a2e670e7338e2f44909bad27e96e59.css”, failed with error code 403 (forbidden)

---------------------
